<?xml version="1.0" encoding="UTF-8"?>
<!-- Generated by org.testng.reporters.JUnitReportReporter -->
<testsuite hostname="DESKTOP-6459JIC" failures="0" tests="1" name="Testcase.LoginTestcase" time="4.512" errors="0" timestamp="2022-12-11T01:47:14 PST" skipped="0">
  <testcase classname="Testcase.LoginTestcase" name="login" time="4.512"/>
  <system-out/>
</testsuite> <!-- Testcase.LoginTestcase -->
