<?xml version="1.0" encoding="UTF-8"?>
<!-- Generated by org.testng.reporters.JUnitReportReporter -->
<testsuite hostname="DESKTOP-6459JIC" failures="0" tests="1" name="Testcases.test" time="6.097" errors="0" timestamp="2022-12-08T09:59:10 PST" skipped="0">
  <testcase classname="Testcases.test" name="method1" time="6.097"/>
  <system-out/>
</testsuite> <!-- Testcases.test -->
