<?xml version="1.0" encoding="UTF-8"?>
<!-- Generated by org.testng.reporters.JUnitReportReporter -->
<testsuite hostname="DESKTOP-6459JIC" failures="0" tests="1" name="Testcase.Signuptestcase" time="16.425" errors="0" timestamp="2022-12-11T01:47:14 PST" skipped="0">
  <testcase classname="Testcase.Signuptestcase" name="verifySignup" time="16.425"/>
  <system-out/>
</testsuite> <!-- Testcase.Signuptestcase -->
